================================================================================
Appcelerator Titanium Diagnostics Build Log
The contents of this file are useful to send to Appcelerator Support if
reporting an issue to help us understand your environment, build settings
and aid in debugging. Please attach this log to any issue that you report.
================================================================================

Starting build at 12/01/11 09:24

Build details:

   timestamp=07/21/11 09:36
   version=1.7.2
   githash=97c3689


Script arguments:
   /Users/hoyamada/Library/Application Support/Titanium/mobilesdk/osx/1.7.2/iphone/builder.py
   run
   /Users/hoyamada/production/webbrowse

Building from: /Users/hoyamada/Library/Application Support/Titanium/mobilesdk/osx/1.7.2/iphone
Platform: Darwin Kernel Version 11.2.0: Tue Aug  9 20:54:00 PDT 2011; root:xnu-1699.24.8~1/RELEASE_X86_64

Xcode path is: /Developer


githash=97c3689, existing_git_hash=97c3689
writing contents of /Users/hoyamada/production/webbrowse/build/iphone/project.xcconfig:

TI_VERSION=1.7.2
TI_SDK_DIR=/Users/hoyamada/Library/Application Support/Titanium/mobilesdk/osx/$(TI_VERSION)/iphone
TI_APPID=jp.co.pasonatech
OTHER_LDFLAGS[sdk=iphoneos*]=$(inherited) -weak_framework iAd
OTHER_LDFLAGS[sdk=iphonesimulator*]=$(inherited) -weak_framework iAd
#include "module"

old contents


Generated the following stylecode code:

<?xml version="1.0" encoding="UTF-8"?>
<!DOCTYPE plist PUBLIC "-//Apple//DTD PLIST 1.0//EN" "http://www.apple.com/DTDs/PropertyList-1.0.dtd">
<plist version="1.0">
	<dict>
		<key>classes</key>
		<dict>
</dict>

		<key>classes_density</key>
		<dict>
</dict>

		<key>ids</key>
		<dict>
</dict>

		<key>ids_density</key>
		<dict>
</dict>

		<key>tags</key>
		<dict>
</dict>

		<key>tags_density</key>
		<dict>
</dict>

	</dict>
</plist>
Finishing build

Exception detected in script:
Traceback (most recent call last):
  File "/Users/hoyamada/Library/Application Support/Titanium/mobilesdk/osx/1.7.2/iphone/builder.py", line 1264, in main
    os.waitpid(sim.pid,0)
  File "/Users/hoyamada/Library/Application Support/Titanium/mobilesdk/osx/1.7.2/iphone/builder.py", line 1206, in handler
    kill_simulator()
  File "/Users/hoyamada/Library/Application Support/Titanium/mobilesdk/osx/1.7.2/iphone/builder.py", line 74, in kill_simulator
    run.run(['/usr/bin/killall',"iPhone Simulator"],True)
  File "/Users/hoyamada/Library/Application Support/Titanium/mobilesdk/osx/1.7.2/iphone/run.py", line 6, in run
    sys.stdout.flush()
IOError: [Errno 32] Broken pipe
